<?xml version="1.0" encoding="UTF-8"?>
<!-- Generated by org.testng.reporters.JUnitReportReporter -->
<testsuite hostname="israas-MacBook-Air.local" failures="0" tests="1" name="tests.SubmitOrderTest" time="5.405" errors="0" timestamp="2025-04-22T02:18:46 EET" skipped="0">
  <testcase classname="tests.SubmitOrderTest" name="submitOrder" time="5.405"/>
</testsuite> <!-- tests.SubmitOrderTest -->
