<?xml version="1.0" encoding="UTF-8"?>
<!-- Generated by org.testng.reporters.JUnitReportReporter -->
<testsuite hostname="israas-MacBook-Air.local" failures="0" tests="1" name="tests.LoginTest" time="9.065" errors="0" timestamp="2025-04-22T02:18:46 EET" skipped="0">
  <testcase classname="tests.LoginTest" name="RegisteredUserCanLogin" time="9.065"/>
</testsuite> <!-- tests.LoginTest -->
